<?xml version="1.0" encoding="UTF-8"?>
<!-- Generated by org.testng.reporters.JUnitReportReporter -->
<testsuite hostname="SupriyaPC" name="com.SupriyaTests.ThoseBabyBasics.FunctionalTest" tests="5" failures="0" timestamp="7 Apr 2015 19:47:53 GMT" time="85.510" errors="0">
  <testcase name="addBabyItem" time="26.490" classname="com.SupriyaTests.ThoseBabyBasics.FunctionalTest"/>
  <testcase name="logout" time="7.383" classname="com.SupriyaTests.ThoseBabyBasics.FunctionalTest"/>
  <testcase name="removeItemFromCart" time="11.855" classname="com.SupriyaTests.ThoseBabyBasics.FunctionalTest"/>
  <testcase name="login" time="18.248" classname="com.SupriyaTests.ThoseBabyBasics.FunctionalTest"/>
  <testcase name="addBabyItem" time="21.534" classname="com.SupriyaTests.ThoseBabyBasics.FunctionalTest"/>
</testsuite> <!-- com.SupriyaTests.ThoseBabyBasics.FunctionalTest -->
