<?xml version="1.0" encoding="UTF-8"?>
<!-- Generated by org.testng.reporters.JUnitReportReporter -->
<testsuite hostname="SupriyaPC" name="com.SupriyaTests.ThoseBabyBasics.FunctionalTest" tests="3" failures="0" timestamp="2 Apr 2015 11:20:26 GMT" time="63.699" errors="0">
  <testcase name="addBabyItem" time="31.193" classname="com.SupriyaTests.ThoseBabyBasics.FunctionalTest"/>
  <testcase name="removeItemFromCart" time="13.210" classname="com.SupriyaTests.ThoseBabyBasics.FunctionalTest"/>
  <testcase name="login" time="19.296" classname="com.SupriyaTests.ThoseBabyBasics.FunctionalTest"/>
</testsuite> <!-- com.SupriyaTests.ThoseBabyBasics.FunctionalTest -->
